{"/Users/pabloarargonmoreno/Documents/UNIR/Ciber seguridad/Ingenieria del Software/2024-2025/práctica web/src/db.js": {"path":"/Users/pabloarargonmoreno/Documents/UNIR/Ciber seguridad/Ingenieria del Software/2024-2025/práctica web/src/db.js","statementMap":{"0":{"start":{"line":1,"column":13},"end":{"line":1,"column":28}},"1":{"start":{"line":2,"column":16},"end":{"line":2,"column":34}},"2":{"start":{"line":3,"column":17},"end":{"line":3,"column":34}},"3":{"start":{"line":4,"column":15},"end":{"line":4,"column":19}},"4":{"start":{"line":7,"column":2},"end":{"line":7,"column":18}},"5":{"start":{"line":11,"column":2},"end":{"line":11,"column":51}},"6":{"start":{"line":12,"column":2},"end":{"line":15,"column":5}},"7":{"start":{"line":17,"column":2},"end":{"line":24,"column":7}},"8":{"start":{"line":27,"column":0},"end":{"line":30,"column":2}}},"fnMap":{"0":{"name":"getDBClient","decl":{"start":{"line":6,"column":9},"end":{"line":6,"column":20}},"loc":{"start":{"line":6,"column":23},"end":{"line":8,"column":1}},"line":6},"1":{"name":"initDb","decl":{"start":{"line":10,"column":15},"end":{"line":10,"column":21}},"loc":{"start":{"line":10,"column":24},"end":{"line":25,"column":1}},"line":10}},"branchMap":{},"s":{"0":1,"1":1,"2":1,"3":1,"4":1,"5":1,"6":1,"7":1,"8":1},"f":{"0":1,"1":1},"b":{},"_coverageSchema":"1a1c01bbd47fc00a2c39e90264f33305004495a9","hash":"1108d0a82f7bd612de701105b17e6d955b93d4bc"}
,"/Users/pabloarargonmoreno/Documents/UNIR/Ciber seguridad/Ingenieria del Software/2024-2025/práctica web/src/server.js": {"path":"/Users/pabloarargonmoreno/Documents/UNIR/Ciber seguridad/Ingenieria del Software/2024-2025/práctica web/src/server.js","statementMap":{"0":{"start":{"line":1,"column":13},"end":{"line":1,"column":28}},"1":{"start":{"line":2,"column":16},"end":{"line":2,"column":34}},"2":{"start":{"line":3,"column":12},"end":{"line":3,"column":35}},"3":{"start":{"line":4,"column":21},"end":{"line":4,"column":45}},"4":{"start":{"line":5,"column":13},"end":{"line":5,"column":28}},"5":{"start":{"line":6,"column":18},"end":{"line":6,"column":52}},"6":{"start":{"line":7,"column":19},"end":{"line":7,"column":62}},"7":{"start":{"line":8,"column":11},"end":{"line":8,"column":26}},"8":{"start":{"line":10,"column":17},"end":{"line":10,"column":46}},"9":{"start":{"line":11,"column":12},"end":{"line":11,"column":21}},"10":{"start":{"line":12,"column":0},"end":{"line":12,"column":30}},"11":{"start":{"line":13,"column":0},"end":{"line":13,"column":27}},"12":{"start":{"line":14,"column":0},"end":{"line":14,"column":24}},"13":{"start":{"line":15,"column":0},"end":{"line":15,"column":24}},"14":{"start":{"line":16,"column":0},"end":{"line":16,"column":16}},"15":{"start":{"line":17,"column":13},"end":{"line":17,"column":17}},"16":{"start":{"line":18,"column":0},"end":{"line":18,"column":34}},"17":{"start":{"line":20,"column":0},"end":{"line":39,"column":3}},"18":{"start":{"line":21,"column":15},"end":{"line":21,"column":23}},"19":{"start":{"line":22,"column":19},"end":{"line":22,"column":32}},"20":{"start":{"line":23,"column":19},"end":{"line":23,"column":32}},"21":{"start":{"line":25,"column":2},"end":{"line":36,"column":3}},"22":{"start":{"line":26,"column":18},"end":{"line":26,"column":78}},"23":{"start":{"line":28,"column":4},"end":{"line":32,"column":7}},"24":{"start":{"line":34,"column":4},"end":{"line":34,"column":46}},"25":{"start":{"line":35,"column":4},"end":{"line":35,"column":11}},"26":{"start":{"line":38,"column":2},"end":{"line":38,"column":59}},"27":{"start":{"line":41,"column":0},"end":{"line":58,"column":3}},"28":{"start":{"line":42,"column":2},"end":{"line":57,"column":10}},"29":{"start":{"line":60,"column":0},"end":{"line":62,"column":3}},"30":{"start":{"line":61,"column":2},"end":{"line":61,"column":50}},"31":{"start":{"line":64,"column":0},"end":{"line":68,"column":3}},"32":{"start":{"line":65,"column":19},"end":{"line":65,"column":35}},"33":{"start":{"line":66,"column":17},"end":{"line":66,"column":53}},"34":{"start":{"line":67,"column":2},"end":{"line":67,"column":59}},"35":{"start":{"line":70,"column":0},"end":{"line":75,"column":3}},"36":{"start":{"line":71,"column":13},"end":{"line":71,"column":26}},"37":{"start":{"line":72,"column":19},"end":{"line":72,"column":35}},"38":{"start":{"line":73,"column":16},"end":{"line":73,"column":55}},"39":{"start":{"line":74,"column":2},"end":{"line":74,"column":57}},"40":{"start":{"line":77,"column":0},"end":{"line":79,"column":3}},"41":{"start":{"line":78,"column":2},"end":{"line":78,"column":57}},"42":{"start":{"line":82,"column":2},"end":{"line":87,"column":5}},"43":{"start":{"line":83,"column":4},"end":{"line":86,"column":7}},"44":{"start":{"line":84,"column":6},"end":{"line":84,"column":67}},"45":{"start":{"line":85,"column":6},"end":{"line":85,"column":12}},"46":{"start":{"line":90,"column":0},"end":{"line":93,"column":2}}},"fnMap":{"0":{"name":"(anonymous_0)","decl":{"start":{"line":20,"column":23},"end":{"line":20,"column":24}},"loc":{"start":{"line":20,"column":37},"end":{"line":39,"column":1}},"line":20},"1":{"name":"(anonymous_1)","decl":{"start":{"line":41,"column":13},"end":{"line":41,"column":14}},"loc":{"start":{"line":41,"column":27},"end":{"line":58,"column":1}},"line":41},"2":{"name":"(anonymous_2)","decl":{"start":{"line":60,"column":18},"end":{"line":60,"column":19}},"loc":{"start":{"line":60,"column":32},"end":{"line":62,"column":1}},"line":60},"3":{"name":"(anonymous_3)","decl":{"start":{"line":64,"column":37},"end":{"line":64,"column":38}},"loc":{"start":{"line":64,"column":57},"end":{"line":68,"column":1}},"line":64},"4":{"name":"(anonymous_4)","decl":{"start":{"line":70,"column":41},"end":{"line":70,"column":42}},"loc":{"start":{"line":70,"column":61},"end":{"line":75,"column":1}},"line":70},"5":{"name":"(anonymous_5)","decl":{"start":{"line":77,"column":36},"end":{"line":77,"column":37}},"loc":{"start":{"line":77,"column":50},"end":{"line":79,"column":1}},"line":77},"6":{"name":"startServer","decl":{"start":{"line":81,"column":9},"end":{"line":81,"column":20}},"loc":{"start":{"line":81,"column":23},"end":{"line":88,"column":1}},"line":81},"7":{"name":"(anonymous_7)","decl":{"start":{"line":82,"column":21},"end":{"line":82,"column":22}},"loc":{"start":{"line":82,"column":35},"end":{"line":87,"column":3}},"line":82},"8":{"name":"(anonymous_8)","decl":{"start":{"line":83,"column":21},"end":{"line":83,"column":22}},"loc":{"start":{"line":83,"column":27},"end":{"line":86,"column":5}},"line":83}},"branchMap":{"0":{"loc":{"start":{"line":25,"column":2},"end":{"line":36,"column":3}},"type":"if","locations":[{"start":{"line":25,"column":2},"end":{"line":36,"column":3}},{"start":{},"end":{}}],"line":25},"1":{"loc":{"start":{"line":25,"column":6},"end":{"line":25,"column":50}},"type":"binary-expr","locations":[{"start":{"line":25,"column":6},"end":{"line":25,"column":26}},{"start":{"line":25,"column":30},"end":{"line":25,"column":50}}],"line":25}},"s":{"0":1,"1":1,"2":1,"3":1,"4":1,"5":1,"6":1,"7":1,"8":1,"9":1,"10":1,"11":1,"12":1,"13":1,"14":1,"15":1,"16":1,"17":1,"18":2,"19":2,"20":2,"21":2,"22":1,"23":1,"24":1,"25":1,"26":1,"27":1,"28":0,"29":1,"30":0,"31":1,"32":0,"33":0,"34":0,"35":1,"36":1,"37":1,"38":1,"39":1,"40":1,"41":0,"42":0,"43":0,"44":0,"45":0,"46":1},"f":{"0":2,"1":0,"2":0,"3":0,"4":1,"5":0,"6":0,"7":0,"8":0},"b":{"0":[1,1],"1":[2,1]},"_coverageSchema":"1a1c01bbd47fc00a2c39e90264f33305004495a9","hash":"8a0e28111d63a355b01ed8d9b647b29cbf63a4ea"}
,"/Users/pabloarargonmoreno/Documents/UNIR/Ciber seguridad/Ingenieria del Software/2024-2025/práctica web/src/middlewares/authGuard.js": {"path":"/Users/pabloarargonmoreno/Documents/UNIR/Ciber seguridad/Ingenieria del Software/2024-2025/práctica web/src/middlewares/authGuard.js","statementMap":{"0":{"start":{"line":1,"column":17},"end":{"line":1,"column":45}},"1":{"start":{"line":3,"column":0},"end":{"line":22,"column":2}},"2":{"start":{"line":4,"column":16},"end":{"line":4,"column":31}},"3":{"start":{"line":6,"column":2},"end":{"line":9,"column":3}},"4":{"start":{"line":7,"column":4},"end":{"line":7,"column":79}},"5":{"start":{"line":8,"column":4},"end":{"line":8,"column":11}},"6":{"start":{"line":11,"column":2},"end":{"line":21,"column":5}},"7":{"start":{"line":12,"column":4},"end":{"line":17,"column":5}},"8":{"start":{"line":13,"column":6},"end":{"line":15,"column":68}},"9":{"start":{"line":16,"column":6},"end":{"line":16,"column":13}},"10":{"start":{"line":19,"column":4},"end":{"line":19,"column":26}},"11":{"start":{"line":20,"column":4},"end":{"line":20,"column":11}}},"fnMap":{"0":{"name":"(anonymous_0)","decl":{"start":{"line":3,"column":17},"end":{"line":3,"column":18}},"loc":{"start":{"line":3,"column":43},"end":{"line":22,"column":1}},"line":3},"1":{"name":"(anonymous_1)","decl":{"start":{"line":11,"column":30},"end":{"line":11,"column":31}},"loc":{"start":{"line":11,"column":48},"end":{"line":21,"column":3}},"line":11}},"branchMap":{"0":{"loc":{"start":{"line":6,"column":2},"end":{"line":9,"column":3}},"type":"if","locations":[{"start":{"line":6,"column":2},"end":{"line":9,"column":3}},{"start":{},"end":{}}],"line":6},"1":{"loc":{"start":{"line":12,"column":4},"end":{"line":17,"column":5}},"type":"if","locations":[{"start":{"line":12,"column":4},"end":{"line":17,"column":5}},{"start":{},"end":{}}],"line":12}},"s":{"0":1,"1":1,"2":2,"3":2,"4":1,"5":1,"6":1,"7":1,"8":0,"9":0,"10":1,"11":1},"f":{"0":2,"1":1},"b":{"0":[1,1],"1":[0,1]},"_coverageSchema":"1a1c01bbd47fc00a2c39e90264f33305004495a9","hash":"00750afc4912c062e2664b43e64768f3cba4127c"}
,"/Users/pabloarargonmoreno/Documents/UNIR/Ciber seguridad/Ingenieria del Software/2024-2025/práctica web/src/repositories/coches-repository.js": {"path":"/Users/pabloarargonmoreno/Documents/UNIR/Ciber seguridad/Ingenieria del Software/2024-2025/práctica web/src/repositories/coches-repository.js","statementMap":{"0":{"start":{"line":2,"column":2},"end":{"line":2,"column":46}},"1":{"start":{"line":6,"column":2},"end":{"line":6,"column":63}},"2":{"start":{"line":9,"column":0},"end":{"line":12,"column":2}}},"fnMap":{"0":{"name":"getCoches","decl":{"start":{"line":1,"column":9},"end":{"line":1,"column":18}},"loc":{"start":{"line":1,"column":29},"end":{"line":3,"column":1}},"line":1},"1":{"name":"getCoche","decl":{"start":{"line":5,"column":9},"end":{"line":5,"column":17}},"loc":{"start":{"line":5,"column":32},"end":{"line":7,"column":1}},"line":5}},"branchMap":{},"s":{"0":0,"1":1,"2":1},"f":{"0":0,"1":1},"b":{},"_coverageSchema":"1a1c01bbd47fc00a2c39e90264f33305004495a9","hash":"fa150b9bc6b0c69595f89410e11b3e726ed559d9"}
,"/Users/pabloarargonmoreno/Documents/UNIR/Ciber seguridad/Ingenieria del Software/2024-2025/práctica web/src/utils/jwtUtils.js": {"path":"/Users/pabloarargonmoreno/Documents/UNIR/Ciber seguridad/Ingenieria del Software/2024-2025/práctica web/src/utils/jwtUtils.js","statementMap":{"0":{"start":{"line":1,"column":12},"end":{"line":1,"column":35}},"1":{"start":{"line":4,"column":2},"end":{"line":10,"column":5}},"2":{"start":{"line":5,"column":4},"end":{"line":7,"column":5}},"3":{"start":{"line":6,"column":6},"end":{"line":6,"column":20}},"4":{"start":{"line":9,"column":4},"end":{"line":9,"column":22}},"5":{"start":{"line":13,"column":0},"end":{"line":15,"column":1}}},"fnMap":{"0":{"name":"verifyToken","decl":{"start":{"line":3,"column":9},"end":{"line":3,"column":20}},"loc":{"start":{"line":3,"column":32},"end":{"line":11,"column":1}},"line":3},"1":{"name":"(anonymous_1)","decl":{"start":{"line":4,"column":36},"end":{"line":4,"column":37}},"loc":{"start":{"line":4,"column":54},"end":{"line":10,"column":3}},"line":4}},"branchMap":{"0":{"loc":{"start":{"line":5,"column":4},"end":{"line":7,"column":5}},"type":"if","locations":[{"start":{"line":5,"column":4},"end":{"line":7,"column":5}},{"start":{},"end":{}}],"line":5}},"s":{"0":2,"1":2,"2":2,"3":0,"4":2,"5":2},"f":{"0":2,"1":2},"b":{"0":[0,2]},"_coverageSchema":"1a1c01bbd47fc00a2c39e90264f33305004495a9","hash":"d3db62f579419915f96dc802b6d5d116475471ed"}
}
