TN:
SF:src/db.js
FN:6,getDBClient
FN:10,initDb
FNF:2
FNH:2
FNDA:1,getDBClient
FNDA:1,initDb
DA:1,1
DA:2,1
DA:3,1
DA:4,1
DA:7,1
DA:11,1
DA:16,1
DA:26,1
LF:8
LH:8
BRF:0
BRH:0
end_of_record
TN:
SF:src/main.js
FN:4,(anonymous_0)
FNF:1
FNH:0
FNDA:0,(anonymous_0)
DA:1,0
DA:2,0
DA:4,0
DA:5,0
DA:6,0
LF:5
LH:0
BRF:0
BRH:0
end_of_record
TN:
SF:src/server.js
FN:20,(anonymous_0)
FN:41,(anonymous_1)
FN:60,(anonymous_2)
FN:64,(anonymous_3)
FN:70,(anonymous_4)
FN:77,(anonymous_5)
FN:81,startServer
FN:82,(anonymous_7)
FN:83,(anonymous_8)
FNF:9
FNH:2
FNDA:2,(anonymous_0)
FNDA:0,(anonymous_1)
FNDA:0,(anonymous_2)
FNDA:0,(anonymous_3)
FNDA:1,(anonymous_4)
FNDA:0,(anonymous_5)
FNDA:0,startServer
FNDA:0,(anonymous_7)
FNDA:0,(anonymous_8)
DA:1,1
DA:2,1
DA:3,1
DA:4,1
DA:5,1
DA:6,1
DA:7,1
DA:8,1
DA:10,1
DA:11,1
DA:12,1
DA:13,1
DA:14,1
DA:15,1
DA:16,1
DA:17,1
DA:18,1
DA:20,1
DA:21,2
DA:22,2
DA:23,2
DA:25,2
DA:26,1
DA:28,1
DA:34,1
DA:35,1
DA:38,1
DA:41,1
DA:42,0
DA:60,1
DA:61,0
DA:64,1
DA:65,0
DA:66,0
DA:67,0
DA:70,1
DA:71,1
DA:72,1
DA:73,1
DA:74,1
DA:77,1
DA:78,0
DA:82,0
DA:83,0
DA:84,0
DA:85,0
DA:90,1
LF:47
LH:37
BRDA:25,0,0,1
BRDA:25,0,1,1
BRDA:25,1,0,2
BRDA:25,1,1,1
BRF:4
BRH:4
end_of_record
TN:
SF:src/middlewares/authGuard.js
FN:3,(anonymous_0)
FN:11,(anonymous_1)
FNF:2
FNH:2
FNDA:2,(anonymous_0)
FNDA:1,(anonymous_1)
DA:1,1
DA:3,1
DA:4,2
DA:6,2
DA:7,1
DA:8,1
DA:11,1
DA:12,1
DA:13,0
DA:16,0
DA:19,1
DA:20,1
LF:12
LH:10
BRDA:6,0,0,1
BRDA:6,0,1,1
BRDA:12,1,0,0
BRDA:12,1,1,1
BRF:4
BRH:3
end_of_record
TN:
SF:src/repositories/coches-repository.js
FN:1,getCoches
FN:5,getCoche
FNF:2
FNH:1
FNDA:0,getCoches
FNDA:1,getCoche
DA:2,0
DA:6,1
DA:9,1
LF:3
LH:2
BRF:0
BRH:0
end_of_record
TN:
SF:src/utils/jwtUtils.js
FN:3,verifyToken
FN:4,(anonymous_1)
FNF:2
FNH:2
FNDA:3,verifyToken
FNDA:3,(anonymous_1)
DA:1,2
DA:4,3
DA:5,3
DA:6,1
DA:7,1
DA:10,2
DA:14,2
LF:7
LH:7
BRDA:5,0,0,1
BRDA:5,0,1,2
BRF:2
BRH:2
end_of_record
